<?xml version="1.0" encoding="UTF-8"?>
<!-- Generated by org.testng.reporters.JUnitReportReporter -->
<testsuite skipped="0" hostname="Tugba-MBP.fios-router.home" name="com.qa.darksy.tests.HomePageTest" tests="3" failures="0" timestamp="2020-08-14T22:22:30 EDT" time="8.212" errors="0">
  <testcase name="verifyPageTitleTest" time="2.024" classname="com.qa.darksy.tests.HomePageTest"/>
  <system-out/>
  <testcase name="compareMinDegreesTest" time="4.132" classname="com.qa.darksy.tests.HomePageTest"/>
  <system-out/>
  <testcase name="compareMaxDegressTest" time="2.056" classname="com.qa.darksy.tests.HomePageTest"/>
  <system-out/>
</testsuite> <!-- com.qa.darksy.tests.HomePageTest -->
